生成启动时间为 2017/9/26 23:00:11。
     1>项目“C:\Users\YorksonChang\Documents\Visual Studio 2015\Projects\CG\EX1\Assignment1\Assignment1\Assignment1.vcxproj”在节点 2 上(Build 个目标)。
     1>ClCompile:
         C:\Program Files (x86)\Microsoft Visual Studio 14.0\VC\bin\CL.exe /c /ZI /nologo /W3 /WX- /sdl /Od /Oy- /D _MBCS /Gm /EHsc /RTC1 /MDd /GS /fp:precise /Zc:wchar_t /Zc:forScope /Zc:inline /Fo"Debug\\" /Fd"Debug\vc140.pdb" /Gd /TP /analyze- /errorReport:prompt main.cpp
         main.cpp
     1>c:\users\yorksonchang\documents\visual studio 2015\projects\cg\ex1\assignment1\assignment1\include\angel.h(63): warning C4305: “初始化”: 从“double”到“GLfloat”截断
     1>c:\users\yorksonchang\documents\visual studio 2015\projects\cg\ex1\assignment1\assignment1\include\mat.h(698): warning C4244: “=”: 从“double”转换到“GLfloat”，可能丢失数据
     1>c:\users\yorksonchang\documents\visual studio 2015\projects\cg\ex1\assignment1\assignment1\include\mat.h(699): warning C4244: “=”: 从“double”转换到“GLfloat”，可能丢失数据
     1>c:\users\yorksonchang\documents\visual studio 2015\projects\cg\ex1\assignment1\assignment1\include\mat.h(700): warning C4244: “=”: 从“double”转换到“GLfloat”，可能丢失数据
     1>c:\users\yorksonchang\documents\visual studio 2015\projects\cg\ex1\assignment1\assignment1\include\mat.h(721): warning C4244: “=”: 从“double”转换到“GLfloat”，可能丢失数据
     1>c:\users\yorksonchang\documents\visual studio 2015\projects\cg\ex1\assignment1\assignment1\include\mat.h(723): warning C4244: “=”: 从“double”转换到“GLfloat”，可能丢失数据
     1>c:\users\yorksonchang\documents\visual studio 2015\projects\cg\ex1\assignment1\assignment1\include\mat.h(726): warning C4244: “=”: 从“double”转换到“GLfloat”，可能丢失数据
     1>c:\users\yorksonchang\documents\visual studio 2015\projects\cg\ex1\assignment1\assignment1\include\mat.h(743): warning C4244: “=”: 从“double”转换到“GLfloat”，可能丢失数据
     1>c:\users\yorksonchang\documents\visual studio 2015\projects\cg\ex1\assignment1\assignment1\main.cpp(25): warning C4244: “参数”: 从“double”转换到“GLfloat”，可能丢失数据
     1>c:\users\yorksonchang\documents\visual studio 2015\projects\cg\ex1\assignment1\assignment1\main.cpp(27): warning C4244: “参数”: 从“double”转换到“const GLfloat”，可能丢失数据
     1>c:\users\yorksonchang\documents\visual studio 2015\projects\cg\ex1\assignment1\assignment1\main.cpp(28): warning C4244: “*=”: 从“double”转换到“GLfloat”，可能丢失数据
     1>c:\users\yorksonchang\documents\visual studio 2015\projects\cg\ex1\assignment1\assignment1\main.cpp(35): warning C4244: “return”: 从“double”转换到“float”，可能丢失数据
     1>c:\users\yorksonchang\documents\visual studio 2015\projects\cg\ex1\assignment1\assignment1\main.cpp(59): warning C4305: “参数”: 从“double”到“GLfloat”截断
     1>c:\users\yorksonchang\documents\visual studio 2015\projects\cg\ex1\assignment1\assignment1\main.cpp(61): warning C4305: “参数”: 从“double”到“GLfloat”截断
     1>c:\users\yorksonchang\documents\visual studio 2015\projects\cg\ex1\assignment1\assignment1\main.cpp(70): warning C4305: “参数”: 从“double”到“GLfloat”截断
     1>c:\users\yorksonchang\documents\visual studio 2015\projects\cg\ex1\assignment1\assignment1\main.cpp(74): warning C4244: “参数”: 从“double”转换到“GLfloat”，可能丢失数据
     1>c:\users\yorksonchang\documents\visual studio 2015\projects\cg\ex1\assignment1\assignment1\main.cpp(74): warning C4244: “参数”: 从“double”转换到“const GLfloat”，可能丢失数据
     1>c:\users\yorksonchang\documents\visual studio 2015\projects\cg\ex1\assignment1\assignment1\main.cpp(94): warning C4244: “参数”: 从“double”转换到“GLfloat”，可能丢失数据
     1>c:\users\yorksonchang\documents\visual studio 2015\projects\cg\ex1\assignment1\assignment1\main.cpp(94): warning C4244: “参数”: 从“double”转换到“const GLfloat”，可能丢失数据
     1>c:\users\yorksonchang\documents\visual studio 2015\projects\cg\ex1\assignment1\assignment1\main.cpp(168): warning C4244: “参数”: 从“double”转换到“GLfloat”，可能丢失数据
     1>c:\users\yorksonchang\documents\visual studio 2015\projects\cg\ex1\assignment1\assignment1\main.cpp(177): warning C4244: “参数”: 从“double”转换到“GLfloat”，可能丢失数据
     1>c:\users\yorksonchang\documents\visual studio 2015\projects\cg\ex1\assignment1\assignment1\main.cpp(183): warning C4244: “初始化”: 从“double”转换到“GLfloat”，可能丢失数据
     1>c:\users\yorksonchang\documents\visual studio 2015\projects\cg\ex1\assignment1\assignment1\main.cpp(184): warning C4244: “初始化”: 从“double”转换到“GLfloat”，可能丢失数据
     1>c:\users\yorksonchang\documents\visual studio 2015\projects\cg\ex1\assignment1\assignment1\main.cpp(185): warning C4244: “初始化”: 从“double”转换到“GLfloat”，可能丢失数据
     1>c:\users\yorksonchang\documents\visual studio 2015\projects\cg\ex1\assignment1\assignment1\main.cpp(186): warning C4244: “初始化”: 从“double”转换到“GLfloat”，可能丢失数据
     1>c:\users\yorksonchang\documents\visual studio 2015\projects\cg\ex1\assignment1\assignment1\main.cpp(188): warning C4838: 从“double”转换到“GLfloat”需要收缩转换
     1>c:\users\yorksonchang\documents\visual studio 2015\projects\cg\ex1\assignment1\assignment1\main.cpp(188): warning C4305: “初始化”: 从“double”到“GLfloat”截断
     1>c:\users\yorksonchang\documents\visual studio 2015\projects\cg\ex1\assignment1\assignment1\main.cpp(189): warning C4838: 从“double”转换到“GLfloat”需要收缩转换
     1>c:\users\yorksonchang\documents\visual studio 2015\projects\cg\ex1\assignment1\assignment1\main.cpp(189): warning C4244: “初始化”: 从“double”转换到“GLfloat”，可能丢失数据
     1>c:\users\yorksonchang\documents\visual studio 2015\projects\cg\ex1\assignment1\assignment1\main.cpp(190): warning C4838: 从“double”转换到“GLfloat”需要收缩转换
     1>c:\users\yorksonchang\documents\visual studio 2015\projects\cg\ex1\assignment1\assignment1\main.cpp(190): warning C4305: “初始化”: 从“double”到“GLfloat”截断
     1>c:\users\yorksonchang\documents\visual studio 2015\projects\cg\ex1\assignment1\assignment1\main.cpp(191): warning C4838: 从“double”转换到“GLfloat”需要收缩转换
     1>c:\users\yorksonchang\documents\visual studio 2015\projects\cg\ex1\assignment1\assignment1\main.cpp(191): warning C4305: “初始化”: 从“double”到“GLfloat”截断
     1>c:\users\yorksonchang\documents\visual studio 2015\projects\cg\ex1\assignment1\assignment1\main.cpp(192): warning C4838: 从“double”转换到“GLfloat”需要收缩转换
     1>c:\users\yorksonchang\documents\visual studio 2015\projects\cg\ex1\assignment1\assignment1\main.cpp(192): warning C4244: “初始化”: 从“double”转换到“GLfloat”，可能丢失数据
       Link:
         C:\Program Files (x86)\Microsoft Visual Studio 14.0\VC\bin\link.exe /ERRORREPORT:PROMPT /OUT:"C:\Users\YorksonChang\Documents\Visual Studio 2015\Projects\CG\EX1\Assignment1\Debug\Assignment1.exe" /INCREMENTAL /NOLOGO kernel32.lib user32.lib gdi32.lib winspool.lib comdlg32.lib advapi32.lib shell32.lib ole32.lib oleaut32.lib uuid.lib odbc32.lib odbccp32.lib /MANIFEST /MANIFESTUAC:"level='asInvoker' uiAccess='false'" /manifest:embed /Debug /PDB:"C:\Users\YorksonChang\Documents\Visual Studio 2015\Projects\CG\EX1\Assignment1\Debug\Assignment1.pdb" /TLBID:1 /DYNAMICBASE /NXCOMPAT /IMPLIB:"C:\Users\YorksonChang\Documents\Visual Studio 2015\Projects\CG\EX1\Assignment1\Debug\Assignment1.lib" /MACHINE:X86 Debug\InitShader.obj
         Debug\main.obj
         Assignment1.vcxproj -> C:\Users\YorksonChang\Documents\Visual Studio 2015\Projects\CG\EX1\Assignment1\Debug\Assignment1.exe
     1>已完成生成项目“C:\Users\YorksonChang\Documents\Visual Studio 2015\Projects\CG\EX1\Assignment1\Assignment1\Assignment1.vcxproj”(Build 个目标)的操作。

已成功生成。

已用时间 00:00:03.06
