生成启动时间为 2017/9/12 17:03:05。
     1>项目“c:\Users\yorksonchang\documents\visual studio 2015\Projects\CG\EX1\SimpleShape\SimpleShape\SimpleShape.vcxproj”在节点 2 上(Build 个目标)。
     1>ClCompile:
         C:\Program Files (x86)\Microsoft Visual Studio 14.0\VC\bin\CL.exe /c /ZI /nologo /W3 /WX- /sdl /Od /Oy- /D _MBCS /Gm /EHsc /RTC1 /MDd /GS /fp:precise /Zc:wchar_t /Zc:forScope /Zc:inline /Fo"Debug\\" /Fd"Debug\vc140.pdb" /Gd /TP /analyze- /errorReport:prompt main.cpp
         main.cpp
     1>c:\users\yorksonchang\documents\visual studio 2015\projects\cg\ex1\simpleshape\simpleshape\include\angel.h(63): warning C4305: “初始化”: 从“double”到“GLfloat”截断
     1>c:\users\yorksonchang\documents\visual studio 2015\projects\cg\ex1\simpleshape\simpleshape\include\mat.h(698): warning C4244: “=”: 从“double”转换到“GLfloat”，可能丢失数据
     1>c:\users\yorksonchang\documents\visual studio 2015\projects\cg\ex1\simpleshape\simpleshape\include\mat.h(699): warning C4244: “=”: 从“double”转换到“GLfloat”，可能丢失数据
     1>c:\users\yorksonchang\documents\visual studio 2015\projects\cg\ex1\simpleshape\simpleshape\include\mat.h(700): warning C4244: “=”: 从“double”转换到“GLfloat”，可能丢失数据
     1>c:\users\yorksonchang\documents\visual studio 2015\projects\cg\ex1\simpleshape\simpleshape\include\mat.h(721): warning C4244: “=”: 从“double”转换到“GLfloat”，可能丢失数据
     1>c:\users\yorksonchang\documents\visual studio 2015\projects\cg\ex1\simpleshape\simpleshape\include\mat.h(723): warning C4244: “=”: 从“double”转换到“GLfloat”，可能丢失数据
     1>c:\users\yorksonchang\documents\visual studio 2015\projects\cg\ex1\simpleshape\simpleshape\include\mat.h(726): warning C4244: “=”: 从“double”转换到“GLfloat”，可能丢失数据
     1>c:\users\yorksonchang\documents\visual studio 2015\projects\cg\ex1\simpleshape\simpleshape\include\mat.h(743): warning C4244: “=”: 从“double”转换到“GLfloat”，可能丢失数据
     1>c:\users\yorksonchang\documents\visual studio 2015\projects\cg\ex1\simpleshape\simpleshape\main.cpp(34): warning C4305: “参数”: 从“double”到“GLfloat”截断
     1>c:\users\yorksonchang\documents\visual studio 2015\projects\cg\ex1\simpleshape\simpleshape\main.cpp(40): warning C4244: “参数”: 从“double”转换到“GLfloat”，可能丢失数据
     1>c:\users\yorksonchang\documents\visual studio 2015\projects\cg\ex1\simpleshape\simpleshape\main.cpp(40): warning C4244: “参数”: 从“double”转换到“const GLfloat”，可能丢失数据
     1>c:\users\yorksonchang\documents\visual studio 2015\projects\cg\ex1\simpleshape\simpleshape\main.cpp(70): warning C4244: “参数”: 从“double”转换到“GLfloat”，可能丢失数据
     1>c:\users\yorksonchang\documents\visual studio 2015\projects\cg\ex1\simpleshape\simpleshape\main.cpp(70): warning C4244: “参数”: 从“double”转换到“const GLfloat”，可能丢失数据
       Link:
         C:\Program Files (x86)\Microsoft Visual Studio 14.0\VC\bin\link.exe /ERRORREPORT:PROMPT /OUT:"c:\users\yorksonchang\documents\visual studio 2015\Projects\CG\EX1\SimpleShape\Debug\SimpleShape.exe" /INCREMENTAL /NOLOGO kernel32.lib user32.lib gdi32.lib winspool.lib comdlg32.lib advapi32.lib shell32.lib ole32.lib oleaut32.lib uuid.lib odbc32.lib odbccp32.lib /MANIFEST /MANIFESTUAC:"level='asInvoker' uiAccess='false'" /manifest:embed /Debug /PDB:"c:\users\yorksonchang\documents\visual studio 2015\Projects\CG\EX1\SimpleShape\Debug\SimpleShape.pdb" /TLBID:1 /DYNAMICBASE /NXCOMPAT /IMPLIB:"c:\users\yorksonchang\documents\visual studio 2015\Projects\CG\EX1\SimpleShape\Debug\SimpleShape.lib" /MACHINE:X86 Debug\InitShader.obj
         Debug\main.obj
         SimpleShape.vcxproj -> c:\users\yorksonchang\documents\visual studio 2015\Projects\CG\EX1\SimpleShape\Debug\SimpleShape.exe
     1>已完成生成项目“c:\Users\yorksonchang\documents\visual studio 2015\Projects\CG\EX1\SimpleShape\SimpleShape\SimpleShape.vcxproj”(Build 个目标)的操作。

已成功生成。

已用时间 00:00:02.45
